Flow report for sd_v3
Fri Aug 11 11:02:00 2017
Quartus Prime Version 17.0.0 Build 595 04/25/2017 SJ Lite Edition


---------------------
; Table of Contents ;
---------------------
  1. Legal Notice
  2. Flow Summary
  3. Flow Settings
  4. Flow Non-Default Global Settings
  5. Flow Elapsed Time
  6. Flow OS Summary
  7. Flow Log
  8. Flow Messages
  9. Flow Suppressed Messages



----------------
; Legal Notice ;
----------------
Copyright (C) 2017  Intel Corporation. All rights reserved.
Your use of Intel Corporation's design tools, logic functions 
and other software and tools, and its AMPP partner logic 
functions, and any output files from any of the foregoing 
(including device programming or simulation files), and any 
associated documentation or information are expressly subject 
to the terms and conditions of the Intel Program License 
Subscription Agreement, the Intel Quartus Prime License Agreement,
the Intel MegaCore Function License Agreement, or other 
applicable license agreement, including, without limitation, 
that your use is for the sole purpose of programming logic 
devices manufactured by Intel and sold by Intel or its 
authorized distributors.  Please refer to the applicable 
agreement for further details.



+----------------------------------------------------------------------------------+
; Flow Summary                                                                     ;
+------------------------------------+---------------------------------------------+
; Flow Status                        ; Successful - Fri Aug 11 11:02:00 2017       ;
; Quartus Prime Version              ; 17.0.0 Build 595 04/25/2017 SJ Lite Edition ;
; Revision Name                      ; sd_v3                                       ;
; Top-level Entity Name              ; sd_v3                                       ;
; Family                             ; Cyclone IV E                                ;
; Device                             ; EP4CE22F17C6                                ;
; Timing Models                      ; Final                                       ;
; Total logic elements               ; 1,123 / 22,320 ( 5 % )                      ;
;     Total combinational functions  ; 1,105 / 22,320 ( 5 % )                      ;
;     Dedicated logic registers      ; 658 / 22,320 ( 3 % )                        ;
; Total registers                    ; 677                                         ;
; Total pins                         ; 39 / 154 ( 25 % )                           ;
; Total virtual pins                 ; 0                                           ;
; Total memory bits                  ; 0 / 608,256 ( 0 % )                         ;
; Embedded Multiplier 9-bit elements ; 0 / 132 ( 0 % )                             ;
; Total PLLs                         ; 0 / 4 ( 0 % )                               ;
+------------------------------------+---------------------------------------------+


+-----------------------------------------+
; Flow Settings                           ;
+-------------------+---------------------+
; Option            ; Setting             ;
+-------------------+---------------------+
; Start date & time ; 08/11/2017 11:01:28 ;
; Main task         ; Compilation         ;
; Revision Name     ; sd_v3               ;
+-------------------+---------------------+


+--------------------------------------------------------------------------------------------------------------+
; Flow Non-Default Global Settings                                                                             ;
+-----------------------------+---------------------------------+---------------+-------------+----------------+
; Assignment Name             ; Value                           ; Default Value ; Entity Name ; Section Id     ;
+-----------------------------+---------------------------------+---------------+-------------+----------------+
; COMPILER_SIGNATURE_ID       ; 242467519330189.150244208811574 ; --            ; --          ; --             ;
; EDA_OUTPUT_DATA_FORMAT      ; Verilog Hdl                     ; --            ; --          ; eda_simulation ;
; EDA_SIMULATION_TOOL         ; ModelSim-Altera (Verilog)       ; <None>        ; --          ; --             ;
; EDA_TIME_SCALE              ; 1 ps                            ; --            ; --          ; eda_simulation ;
; MAX_CORE_JUNCTION_TEMP      ; 85                              ; --            ; --          ; --             ;
; MIN_CORE_JUNCTION_TEMP      ; 0                               ; --            ; --          ; --             ;
; NOMINAL_CORE_SUPPLY_VOLTAGE ; 1.2V                            ; --            ; --          ; --             ;
; NUM_PARALLEL_PROCESSORS     ; 4                               ; --            ; --          ; --             ;
; PROJECT_OUTPUT_DIRECTORY    ; output_files                    ; --            ; --          ; --             ;
+-----------------------------+---------------------------------+---------------+-------------+----------------+


+--------------------------------------------------------------------------------------------------------------------------+
; Flow Elapsed Time                                                                                                        ;
+----------------------+--------------+-------------------------+---------------------+------------------------------------+
; Module Name          ; Elapsed Time ; Average Processors Used ; Peak Virtual Memory ; Total CPU Time (on all processors) ;
+----------------------+--------------+-------------------------+---------------------+------------------------------------+
; Analysis & Synthesis ; 00:00:19     ; 1.0                     ; 1046 MB             ; 00:00:37                           ;
; Fitter               ; 00:00:11     ; 1.1                     ; 1253 MB             ; 00:00:13                           ;
; Assembler            ; 00:00:01     ; 1.0                     ; 811 MB              ; 00:00:01                           ;
; Total                ; 00:00:31     ; --                      ; --                  ; 00:00:51                           ;
+----------------------+--------------+-------------------------+---------------------+------------------------------------+


+------------------------------------------------------------------------------------------+
; Flow OS Summary                                                                          ;
+----------------------+------------------+------------------+------------+----------------+
; Module Name          ; Machine Hostname ; OS Name          ; OS Version ; Processor type ;
+----------------------+------------------+------------------+------------+----------------+
; Analysis & Synthesis ; Debian-Simon     ; Debian GNU/Linux ; 9          ; x86_64         ;
; Fitter               ; Debian-Simon     ; Debian GNU/Linux ; 9          ; x86_64         ;
; Assembler            ; Debian-Simon     ; Debian GNU/Linux ; 9          ; x86_64         ;
+----------------------+------------------+------------------+------------+----------------+


------------
; Flow Log ;
------------
quartus_map sd_v3
quartus_fit sd_v3
quartus_asm sd_v3



